<?xml version="1.0" encoding="UTF-8"?>
<testsuite name="com.gildedrose.GildedRoseTest" tests="5" skipped="0" failures="0" errors="0" timestamp="2023-10-13T00:23:03" hostname="lamia-Latitude-E5440" time="0.097">
  <properties/>
  <testcase name="Test that the name is unchanged" classname="com.gildedrose.GildedRoseTest" time="0.052"/>
  <testcase name="Test that the quality is unchanged" classname="com.gildedrose.GildedRoseTest" time="0.002"/>
  <testcase name="Test UpdateQuality" classname="com.gildedrose.GildedRoseTest" time="0.001"/>
  <testcase name="Test toString" classname="com.gildedrose.GildedRoseTest" time="0.032"/>
  <testcase name="Test that the Sellin is unchanged" classname="com.gildedrose.GildedRoseTest" time="0.002"/>
  <system-out><![CDATA[]]></system-out>
  <system-err><![CDATA[]]></system-err>
</testsuite>
