<?xml version="1.0" encoding="UTF-8"?>
<testsuite name="com.gildedrose.GildedRoseTest" tests="7" skipped="0" failures="0" errors="0" timestamp="2023-10-15T15:53:11" hostname="ASUS" time="0.086">
  <properties/>
  <testcase name="Test that the name is unchanged" classname="com.gildedrose.GildedRoseTest" time="0.045"/>
  <testcase name="Test toString" classname="com.gildedrose.GildedRoseTest" time="0.02"/>
  <testcase name="testUpdateQualityConjuredNegativeSellIn()" classname="com.gildedrose.GildedRoseTest" time="0.001"/>
  <testcase name="testUpdateQualityConjuredPositiveSellIn()" classname="com.gildedrose.GildedRoseTest" time="0.002"/>
  <testcase name="Test that the quality is unchanged" classname="com.gildedrose.GildedRoseTest" time="0.001"/>
  <testcase name="Test UpdateQuality" classname="com.gildedrose.GildedRoseTest" time="0.002"/>
  <testcase name="Test that the Sellin is unchanged" classname="com.gildedrose.GildedRoseTest" time="0.002"/>
  <system-out><![CDATA[]]></system-out>
  <system-err><![CDATA[]]></system-err>
</testsuite>
